{"message":"POST /api/v1/on-covid-19/xml 200 1099.214 ms","level":"info"}
{"message":"POST /api/v1/on-covid-19 200 115.288 ms","level":"info"}
{"message":"POST /api/v1/on-covid-19/json 200 91.522 ms","level":"info"}
{"message":"POST /api/v1/on-covid-19/xml 200 10.041 ms","level":"info"}
{"message":"POST /api/v1/on-covid-19/logs 404 40.712 ms","level":"info"}
{"message":"GET /api/v1/on-covid-19/logs 200 37.109 ms","level":"info"}
{"message":"POST /api/v1/on-covid-19 200 358.245 ms","level":"info"}
{"message":"POST /api/v1/on-covid-19/xml 200 9.841 ms","level":"info"}
{"message":"GET /api/v1/on-covid-19 404 211.101 ms","level":"info"}
{"message":"POST /api/v1/on-covid-19 200 170.830 ms","level":"info"}
{"message":"POST /api/v1/on-covid-19 200 264.021 ms","level":"info"}
{"message":"POST /api/v1/on-covid-19/xml 500 446.989 ms","level":"info"}
{"message":"POST /api/v1/on-covid-19 200 124.745 ms","level":"info"}
{"message":"POST /api/v1/on-covid-19/xml 500 71.702 ms","level":"info"}
{"message":"POST /api/v1/on-covid-19 200 233.048 ms","level":"info"}
{"message":"POST /api/v1/on-covid-19 200 2.343 ms","level":"info"}
{"message":"POST /api/v1/on-covid-19 200 37.546 ms","level":"info"}
{"message":"POST /api/v1/on-covid-19 200 68.899 ms","level":"info"}
{"message":"POST /api/v1/on-covid-19 200 108.699 ms","level":"info"}
{"message":"POST /api/v1/on-covid-19/xml 500 238.113 ms","level":"info"}
{"message":"POST /api/v1/on-covid-19 200 121.237 ms","level":"info"}
{"message":"POST /api/v1/on-covid-19/xml 200 9.561 ms","level":"info"}
{"message":"POST /api/v1/on-covid-19/xml 200 50.567 ms","level":"info"}
